<?xml version="1.0" encoding="UTF-8"?>
<!-- Generated by org.testng.reporters.JUnitXMLReporter -->
<testsuite ignored="0" hostname="DESKTOP-BHFMFMF" failures="0" tests="2" name="Cucumber Test" time="61.729" errors="0" timestamp="2025-04-19T21:46:15 IST">
  <testcase classname="io.cucumber.testng.AbstractTestNGCucumberTests" name="runScenario" time="60.747"/>
  <testcase classname="io.cucumber.testng.AbstractTestNGCucumberTests" name="runScenario" time="60.747"/>
</testsuite> <!-- Cucumber Test -->
