<?xml version="1.0" encoding="UTF-8"?>
<testsuite xmlns:xsi="http://www.w3.org/2001/XMLSchema-instance" xsi:noNamespaceSchemaLocation="https://maven.apache.org/surefire/maven-surefire-plugin/xsd/surefire-test-report.xsd" version="3.0.2" name="com.extentiatvs.testrunner.TestRunner" time="48.869" tests="2" errors="0" skipped="0" failures="0">
  <properties>
[...]
</properties>
  <testcase name="runScenario[&quot;User clicks on Shop button, navigates to the shop page , select the product new window will be displayed.&quot;, &quot;User shops the TVS Accessories and TVS Genuine Parts&quot;](2)" classname="com.extentiatvs.testrunner.TestRunner" time="47.352">
    <system-out><![CDATA[
@UserShopsTVSAccesories&Merchandise @User1ShopsTVSAccesories&Merchandise
Scenario Outline: User clicks on Shop button, navigates to the shop page , select the product new window will be displayed. # src/test/resources/features/shop.feature:13

@UserShopsTVSAccesories&Merchandise @User1ShopsTVSAccesories&Merchandise
Scenario Outline: User clicks on Shop button, navigates to the shop page , select the product new window will be displayed. # src/test/resources/features/shop.feature:14
  Given User click on Shop button.                                                                                          # com.extentiatvs.stepdefinitions.HomePageSteps.user_click_on_shop_button()
  Given User click on Shop button.                                                                                          # com.extentiatvs.stepdefinitions.HomePageSteps.user_click_on_shop_button()
  When User selects any "TestProduct1" from  Accessories and Merchandise section.                                           # com.extentiatvs.stepdefinitions.ShopPageSteps.user_selects_any_from_accessories_and_merchandise_section(java.lang.String)
  When User selects any "TestProduct2" from  Accessories and Merchandise section.                                           # com.extentiatvs.stepdefinitions.ShopPageSteps.user_selects_any_from_accessories_and_merchandise_section(java.lang.String)
  Then New window will be opened                                                                                            # com.extentiatvs.stepdefinitions.CollectionsPageSteps.new_window_will_be_opened()
  Then New window will be opened                                                                                            # com.extentiatvs.stepdefinitions.CollectionsPageSteps.new_window_will_be_opened()
  And User click on Merchandise button                                                                                      # com.extentiatvs.stepdefinitions.CollectionsPageSteps.user_click_on_merchandise_button()
  And User click on Merchandise button                                                                                      # com.extentiatvs.stepdefinitions.CollectionsPageSteps.user_click_on_merchandise_button()
]]></system-out>
    <system-err><![CDATA[SLF4J: Failed to load class "org.slf4j.impl.StaticLoggerBinder".
SLF4J: Defaulting to no-operation (NOP) logger implementation
SLF4J: See http://www.slf4j.org/codes.html#StaticLoggerBinder for further details.
Apr 19, 2025 10:15:57 PM org.openqa.selenium.devtools.CdpVersionFinder findNearestMatch
WARNING: Unable to find an exact match for CDP version 135, returning the closest version; found: 134; Please update to a Selenium version that supports CDP version 135
Apr 19, 2025 10:15:57 PM org.openqa.selenium.devtools.CdpVersionFinder findNearestMatch
WARNING: Unable to find an exact match for CDP version 135, returning the closest version; found: 134; Please update to a Selenium version that supports CDP version 135
]]></system-err>
  </testcase>
  <testcase name="runScenario[&quot;User clicks on Shop button, navigates to the shop page , select the product new window will be displayed.&quot;, &quot;User shops the TVS Accessories and TVS Genuine Parts&quot;](2)" classname="com.extentiatvs.testrunner.TestRunner" time="47.383"/>
</testsuite>