<?xml version="1.0" encoding="UTF-8"?>
<testng-results ignored="0" total="2" passed="2" failed="0" skipped="0">
  <reporter-output>
  </reporter-output>
  <suite started-at="2025-04-19T22:15:51 IST" name="Surefire suite" finished-at="2025-04-19T22:16:39 IST" duration-ms="48162">
    <groups>
      <group name="cucumber">
        <method signature="AbstractTestNGCucumberTests.runScenario(io.cucumber.testng.PickleWrapper,io.cucumber.testng.FeatureWrapper)[pri:0, instance:com.extentiatvs.testrunner.TestRunner@29626d54]" name="runScenario" class="io.cucumber.testng.AbstractTestNGCucumberTests"/>
      </group> <!-- cucumber -->
    </groups>
    <test started-at="2025-04-19T22:15:51 IST" name="Surefire test" finished-at="2025-04-19T22:16:39 IST" duration-ms="48162">
      <class name="com.extentiatvs.testrunner.TestRunner">
        <test-method is-config="true" signature="setUpClass(org.testng.ITestContext)[pri:0, instance:com.extentiatvs.testrunner.TestRunner@29626d54]" started-at="2025-04-19T22:15:51 IST" name="setUpClass" finished-at="2025-04-19T22:15:52 IST" duration-ms="678" status="PASS">
          <params>
            <param index="0">
              <value>
                <![CDATA[org.testng.TestRunner@12dae582]]>
              </value>
            </param>
          </params>
          <reporter-output>
          </reporter-output>
        </test-method> <!-- setUpClass -->
        <test-method signature="runScenario(io.cucumber.testng.PickleWrapper,io.cucumber.testng.FeatureWrapper)[pri:0, instance:com.extentiatvs.testrunner.TestRunner@29626d54]" started-at="2025-04-19T22:15:52 IST" name="runScenario" description="Runs Cucumber Scenarios" data-provider="scenarios" finished-at="2025-04-19T22:16:39 IST" duration-ms="47356" status="PASS">
          <params>
            <param index="0">
              <value>
                <![CDATA["User clicks on Shop button, navigates to the shop page , select the product new window will be displayed."]]>
              </value>
            </param>
            <param index="1">
              <value>
                <![CDATA["User shops the TVS Accessories and TVS Genuine Parts"]]>
              </value>
            </param>
          </params>
          <reporter-output>
          </reporter-output>
        </test-method> <!-- runScenario -->
        <test-method signature="runScenario(io.cucumber.testng.PickleWrapper,io.cucumber.testng.FeatureWrapper)[pri:0, instance:com.extentiatvs.testrunner.TestRunner@29626d54]" started-at="2025-04-19T22:15:52 IST" name="runScenario" description="Runs Cucumber Scenarios" data-provider="scenarios" finished-at="2025-04-19T22:16:39 IST" duration-ms="47356" status="PASS">
          <params>
            <param index="0">
              <value>
                <![CDATA["User clicks on Shop button, navigates to the shop page , select the product new window will be displayed."]]>
              </value>
            </param>
            <param index="1">
              <value>
                <![CDATA["User shops the TVS Accessories and TVS Genuine Parts"]]>
              </value>
            </param>
          </params>
          <reporter-output>
          </reporter-output>
        </test-method> <!-- runScenario -->
        <test-method is-config="true" signature="tearDownClass()[pri:0, instance:com.extentiatvs.testrunner.TestRunner@29626d54]" started-at="2025-04-19T22:16:39 IST" name="tearDownClass" finished-at="2025-04-19T22:16:39 IST" duration-ms="82" status="PASS">
          <reporter-output>
          </reporter-output>
        </test-method> <!-- tearDownClass -->
      </class> <!-- com.extentiatvs.testrunner.TestRunner -->
    </test> <!-- Surefire test -->
  </suite> <!-- Surefire suite -->
</testng-results>
