<?xml version="1.0" encoding="UTF-8"?>
<testng-results ignored="0" total="2" passed="2" failed="0" skipped="0">
  <reporter-output>
  </reporter-output>
  <suite started-at="2025-04-19T21:45:14 IST" name="Cucumber-test Suite" finished-at="2025-04-19T21:46:15 IST" duration-ms="61729">
    <groups>
      <group name="cucumber">
        <method signature="AbstractTestNGCucumberTests.runScenario(io.cucumber.testng.PickleWrapper,io.cucumber.testng.FeatureWrapper)[pri:0, instance:com.extentiatvs.testrunner.TestRunner@1e800aaa]" name="runScenario" class="io.cucumber.testng.AbstractTestNGCucumberTests"/>
      </group> <!-- cucumber -->
    </groups>
    <test started-at="2025-04-19T21:45:14 IST" name="Cucumber Test" finished-at="2025-04-19T21:46:15 IST" duration-ms="61729">
      <class name="com.extentiatvs.testrunner.TestRunner">
        <test-method is-config="true" signature="setUpClass(org.testng.ITestContext)[pri:0, instance:com.extentiatvs.testrunner.TestRunner@1e800aaa]" started-at="2025-04-19T21:45:14 IST" name="setUpClass" finished-at="2025-04-19T21:45:14 IST" duration-ms="852" status="PASS">
          <params>
            <param index="0">
              <value>
                <![CDATA[org.testng.TestRunner@355ce81c]]>
              </value>
            </param>
          </params>
          <reporter-output>
          </reporter-output>
        </test-method> <!-- setUpClass -->
        <test-method signature="runScenario(io.cucumber.testng.PickleWrapper,io.cucumber.testng.FeatureWrapper)[pri:0, instance:com.extentiatvs.testrunner.TestRunner@1e800aaa]" started-at="2025-04-19T21:45:14 IST" name="runScenario" description="Runs Cucumber Scenarios" data-provider="scenarios" finished-at="2025-04-19T21:46:15 IST" duration-ms="60747" status="PASS">
          <params>
            <param index="0">
              <value>
                <![CDATA["User clicks on Shop button, navigates to the shop page , select the product new window will be displayed."]]>
              </value>
            </param>
            <param index="1">
              <value>
                <![CDATA["User shops the TVS Accessories and TVS Genuine Parts"]]>
              </value>
            </param>
          </params>
          <reporter-output>
          </reporter-output>
        </test-method> <!-- runScenario -->
        <test-method signature="runScenario(io.cucumber.testng.PickleWrapper,io.cucumber.testng.FeatureWrapper)[pri:0, instance:com.extentiatvs.testrunner.TestRunner@1e800aaa]" started-at="2025-04-19T21:45:14 IST" name="runScenario" description="Runs Cucumber Scenarios" data-provider="scenarios" finished-at="2025-04-19T21:46:15 IST" duration-ms="60747" status="PASS">
          <params>
            <param index="0">
              <value>
                <![CDATA["User clicks on Shop button, navigates to the shop page , select the product new window will be displayed."]]>
              </value>
            </param>
            <param index="1">
              <value>
                <![CDATA["User shops the TVS Accessories and TVS Genuine Parts"]]>
              </value>
            </param>
          </params>
          <reporter-output>
          </reporter-output>
        </test-method> <!-- runScenario -->
        <test-method is-config="true" signature="tearDownClass()[pri:0, instance:com.extentiatvs.testrunner.TestRunner@1e800aaa]" started-at="2025-04-19T21:46:15 IST" name="tearDownClass" finished-at="2025-04-19T21:46:15 IST" duration-ms="48" status="PASS">
          <reporter-output>
          </reporter-output>
        </test-method> <!-- tearDownClass -->
      </class> <!-- com.extentiatvs.testrunner.TestRunner -->
    </test> <!-- Cucumber Test -->
  </suite> <!-- Cucumber-test Suite -->
</testng-results>
